<?xml version="1.0" encoding="UTF-8"?>
<!-- Generated by org.testng.reporters.JUnitReportReporter -->
<testsuite hostname="LAPTOP-12JLK5JE" failures="0" tests="1" name="projecttest.LoginTest" time="6.033" errors="0" timestamp="2023-06-25T13:14:14 IST" skipped="0">
  <testcase classname="projecttest.LoginTest" name="LogTest" time="6.033"/>
</testsuite> <!-- projecttest.LoginTest -->
