<?xml version="1.0" encoding="UTF-8"?>
<!-- Generated by org.testng.reporters.JUnitReportReporter -->
<testsuite hostname="LAPTOP-12JLK5JE" failures="0" tests="1" name="projecttest.PaymentTest" time="50.029" errors="0" timestamp="2023-07-02T08:58:10 IST" skipped="0">
  <testcase classname="projecttest.PaymentTest" name="Paytest" time="50.029"/>
</testsuite> <!-- projecttest.PaymentTest -->
