<?xml version="1.0" encoding="UTF-8"?>
<!-- Generated by org.testng.reporters.JUnitReportReporter -->
<testsuite hostname="LAPTOP-12JLK5JE" failures="0" tests="1" name="projecttest.ShoppingTest" time="49.259" errors="0" timestamp="2023-06-27T06:56:41 IST" skipped="0">
  <testcase classname="projecttest.ShoppingTest" name="ShopTest" time="49.259"/>
</testsuite> <!-- projecttest.ShoppingTest -->
